GL_LOG_FILE log. local time Tue May 05 15:16:08 2015

creating shader from shader/simple_texture_vs.glsl...
shader compiled. index 1
creating shader from shader/simple_texture_fs.glsl...
shader compiled. index 2
created programme 3. attaching shaders 1 and 2...
creating shader from shader/tangent_normal_vs.glsl...
shader compiled. index 4
creating shader from shader/tangent_normal_fs.glsl...
shader compiled. index 5
created programme 6. attaching shaders 4 and 5...
creating shader from shader/texture_w_normal_vs.glsl...
shader compiled. index 7
creating shader from shader/texture_w_normal_fs.glsl...
shader compiled. index 8
created programme 9. attaching shaders 7 and 8...
creating shader from shader/phong_pf_vs.glsl...
shader compiled. index 10
creating shader from shader/phong_pf_fs.glsl...
shader compiled. index 11
created programme 12. attaching shaders 10 and 11...
creating shader from shader/projective_shadow_vs.glsl...
shader compiled. index 13
creating shader from shader/projective_shadow_fs.glsl...
shader compiled. index 14
created programme 15. attaching shaders 13 and 14...
creating shader from shader/phong_dir_vs.glsl...
shader compiled. index 16
creating shader from shader/phong_dir_fs.glsl...
shader compiled. index 17
created programme 18. attaching shaders 16 and 17...
creating shader from shader/phong_pfBlend_vs.glsl...
shader compiled. index 19
creating shader from shader/phong_pfBlend_fs.glsl...
shader compiled. index 20
created programme 21. attaching shaders 19 and 20...
creating shader from shader/skybox_cube_vs.glsl...
shader compiled. index 22
creating shader from shader/skybox_cube_fs.glsl...
shader compiled. index 23
created programme 24. attaching shaders 22 and 23...
creating shader from shader/reflect_vs_old.glsl...
shader compiled. index 25
creating shader from shader/reflect_fs_old.glsl...
shader compiled. index 26
created programme 27. attaching shaders 25 and 26...
creating shader from shader/toon_shader_vs.glsl...
shader compiled. index 28
creating shader from shader/toon_shader_fs.glsl...
shader compiled. index 29
created programme 30. attaching shaders 28 and 29...
creating shader from shader/explosion_vs.glsl...
shader compiled. index 31
creating shader from shader/explosion_gs.glsl...
shader compiled. index 32
creating shader from shader/explosion_fs.glsl...
shader compiled. index 33
created programme 34. attaching shaders 31 and 32...
program 34 GL_VALIDATE_STATUS = GL_TRUE
creating shader from shader/baloon_vs.glsl...
shader compiled. index 35
creating shader from shader/baloon_gs.glsl...
shader compiled. index 36
creating shader from shader/baloon_fs.glsl...
shader compiled. index 37
created programme 38. attaching shaders 35 and 36...
program 38 GL_VALIDATE_STATUS = GL_TRUE
creating shader from shader/shadow_vs.glsl...
shader compiled. index 39
creating shader from shader/shadow_fs.glsl...
shader compiled. index 40
created programme 41. attaching shaders 39 and 40...
creating shader from shader/depth.vert...
shader compiled. index 42
creating shader from shader/depth.frag...
shader compiled. index 43
created programme 44. attaching shaders 42 and 43...
creating shader from shader/phong_pf_shadow_vs.glsl...
shader compiled. index 45
creating shader from shader/phong_pf_shadow_fs.glsl...
shader compiled. index 46
created programme 47. attaching shaders 45 and 46...
